{
"contracts/Lock.sol":{"l":{"14":0,"19":0,"20":0,"27":0,"28":0,"30":0,"32":0},"path":"/home/cyrildev/workspaceTruffle/hardhat-voting-with-test/contracts/Lock.sol","s":{"1":0,"2":0,"3":0,"4":0,"5":0},"b":{"1":[0,0],"2":[0,0],"3":[0,0]},"f":{"1":0,"2":0},"fnMap":{"1":{"name":"constructor","line":13,"loc":{"start":{"line":13,"column":4},"end":{"line":21,"column":4}}},"2":{"name":"withdraw","line":23,"loc":{"start":{"line":23,"column":4},"end":{"line":33,"column":4}}}},"statementMap":{"1":{"start":{"line":14,"column":8},"end":{"line":14,"column":327}},"2":{"start":{"line":27,"column":8},"end":{"line":27,"column":71}},"3":{"start":{"line":28,"column":8},"end":{"line":28,"column":59}},"4":{"start":{"line":30,"column":8},"end":{"line":30,"column":63}},"5":{"start":{"line":32,"column":8},"end":{"line":32,"column":44}}},"branchMap":{"1":{"line":14,"type":"if","locations":[{"start":{"line":14,"column":8},"end":{"line":14,"column":8}},{"start":{"line":14,"column":8},"end":{"line":14,"column":8}}]},"2":{"line":27,"type":"if","locations":[{"start":{"line":27,"column":8},"end":{"line":27,"column":8}},{"start":{"line":27,"column":8},"end":{"line":27,"column":8}}]},"3":{"line":28,"type":"if","locations":[{"start":{"line":28,"column":8},"end":{"line":28,"column":8}},{"start":{"line":28,"column":8},"end":{"line":28,"column":8}}]}}},
"contracts/Voting.sol":{"l":{"42":23,"43":17,"56":2,"65":3,"71":6,"75":4,"77":2,"78":2,"84":5,"88":3,"94":1,"95":1,"96":1,"97":1,"103":7,"107":5,"108":3,"110":1,"111":1,"112":1,"114":1,"120":3,"124":1,"126":1,"127":1,"128":1,"130":1,"137":3,"141":1,"142":1,"149":3,"153":1,"154":1,"161":3,"165":1,"166":1,"173":3,"177":1,"178":1,"179":2,"183":1,"186":1,"188":1,"189":1},"path":"/home/cyrildev/workspaceTruffle/hardhat-voting-with-test/contracts/Voting.sol","s":{"1":23,"2":2,"3":3,"4":6,"5":4,"6":2,"7":5,"8":3,"9":1,"10":1,"11":1,"12":7,"13":5,"14":3,"15":1,"16":3,"17":1,"18":1,"19":1,"20":3,"21":1,"22":3,"23":1,"24":3,"25":1,"26":3,"27":1,"28":1,"29":2,"30":1},"b":{"1":[17,6],"2":[2,1],"3":[3,1],"4":[6,2],"5":[4,2],"6":[2,2],"7":[5,2],"8":[3,2],"9":[1,2],"10":[7,2],"11":[5,2],"12":[3,2],"13":[1,2],"14":[3,2],"15":[1,2],"16":[3,2],"17":[1,2],"18":[3,2],"19":[1,2],"20":[3,2],"21":[1,2],"22":[3,2],"23":[1,2],"24":[1,1]},"f":{"1":23,"2":2,"3":3,"4":6,"5":5,"6":7,"7":3,"8":3,"9":3,"10":3,"11":3},"fnMap":{"1":{"name":"onlyVoters","line":41,"loc":{"start":{"line":41,"column":4},"end":{"line":44,"column":4}}},"2":{"name":"getVoter","line":53,"loc":{"start":{"line":50,"column":4},"end":{"line":57,"column":4}}},"3":{"name":"getOneProposal","line":62,"loc":{"start":{"line":59,"column":4},"end":{"line":66,"column":4}}},"4":{"name":"addVoter","line":70,"loc":{"start":{"line":70,"column":4},"end":{"line":79,"column":4}}},"5":{"name":"addProposal","line":83,"loc":{"start":{"line":83,"column":4},"end":{"line":98,"column":4}}},"6":{"name":"setVote","line":102,"loc":{"start":{"line":102,"column":4},"end":{"line":115,"column":4}}},"7":{"name":"startProposalsRegistering","line":119,"loc":{"start":{"line":119,"column":4},"end":{"line":134,"column":4}}},"8":{"name":"endProposalsRegistering","line":136,"loc":{"start":{"line":136,"column":4},"end":{"line":146,"column":4}}},"9":{"name":"startVotingSession","line":148,"loc":{"start":{"line":148,"column":4},"end":{"line":158,"column":4}}},"10":{"name":"endVotingSession","line":160,"loc":{"start":{"line":160,"column":4},"end":{"line":170,"column":4}}},"11":{"name":"tallyVotes","line":172,"loc":{"start":{"line":172,"column":4},"end":{"line":193,"column":4}}}},"statementMap":{"1":{"start":{"line":42,"column":8},"end":{"line":42,"column":69}},"2":{"start":{"line":56,"column":8},"end":{"line":56,"column":28}},"3":{"start":{"line":65,"column":8},"end":{"line":65,"column":34}},"4":{"start":{"line":71,"column":8},"end":{"line":71,"column":1650}},"5":{"start":{"line":75,"column":8},"end":{"line":75,"column":72}},"6":{"start":{"line":78,"column":8},"end":{"line":78,"column":35}},"7":{"start":{"line":84,"column":8},"end":{"line":84,"column":2073}},"8":{"start":{"line":88,"column":8},"end":{"line":88,"column":2220}},"9":{"start":{"line":94,"column":8},"end":{"line":94,"column":32}},"10":{"start":{"line":96,"column":8},"end":{"line":96,"column":36}},"11":{"start":{"line":97,"column":8},"end":{"line":97,"column":58}},"12":{"start":{"line":103,"column":8},"end":{"line":103,"column":2712}},"13":{"start":{"line":107,"column":8},"end":{"line":107,"column":77}},"14":{"start":{"line":108,"column":8},"end":{"line":108,"column":65}},"15":{"start":{"line":114,"column":8},"end":{"line":114,"column":35}},"16":{"start":{"line":120,"column":8},"end":{"line":120,"column":3335}},"17":{"start":{"line":126,"column":8},"end":{"line":126,"column":32}},"18":{"start":{"line":128,"column":8},"end":{"line":128,"column":36}},"19":{"start":{"line":130,"column":8},"end":{"line":130,"column":3671}},"20":{"start":{"line":137,"column":8},"end":{"line":137,"column":3885}},"21":{"start":{"line":142,"column":8},"end":{"line":142,"column":4112}},"22":{"start":{"line":149,"column":8},"end":{"line":149,"column":4330}},"23":{"start":{"line":154,"column":8},"end":{"line":154,"column":4552}},"24":{"start":{"line":161,"column":8},"end":{"line":161,"column":4760}},"25":{"start":{"line":166,"column":8},"end":{"line":166,"column":4964}},"26":{"start":{"line":173,"column":8},"end":{"line":173,"column":5158}},"27":{"start":{"line":177,"column":8},"end":{"line":177,"column":34}},"28":{"start":{"line":178,"column":8},"end":{"line":178,"column":5344}},"29":{"start":{"line":179,"column":12},"end":{"line":179,"column":5414}},"30":{"start":{"line":189,"column":8},"end":{"line":189,"column":5714}}},"branchMap":{"1":{"line":42,"type":"if","locations":[{"start":{"line":42,"column":8},"end":{"line":42,"column":8}},{"start":{"line":42,"column":8},"end":{"line":42,"column":8}}]},"2":{"line":53,"type":"if","locations":[{"start":{"line":53,"column":8},"end":{"line":53,"column":8}},{"start":{"line":53,"column":8},"end":{"line":53,"column":8}}]},"3":{"line":62,"type":"if","locations":[{"start":{"line":62,"column":8},"end":{"line":62,"column":8}},{"start":{"line":62,"column":8},"end":{"line":62,"column":8}}]},"4":{"line":70,"type":"if","locations":[{"start":{"line":70,"column":46},"end":{"line":70,"column":46}},{"start":{"line":70,"column":46},"end":{"line":70,"column":46}}]},"5":{"line":71,"type":"if","locations":[{"start":{"line":71,"column":8},"end":{"line":71,"column":8}},{"start":{"line":71,"column":8},"end":{"line":71,"column":8}}]},"6":{"line":75,"type":"if","locations":[{"start":{"line":75,"column":8},"end":{"line":75,"column":8}},{"start":{"line":75,"column":8},"end":{"line":75,"column":8}}]},"7":{"line":83,"type":"if","locations":[{"start":{"line":83,"column":57},"end":{"line":83,"column":57}},{"start":{"line":83,"column":57},"end":{"line":83,"column":57}}]},"8":{"line":84,"type":"if","locations":[{"start":{"line":84,"column":8},"end":{"line":84,"column":8}},{"start":{"line":84,"column":8},"end":{"line":84,"column":8}}]},"9":{"line":88,"type":"if","locations":[{"start":{"line":88,"column":8},"end":{"line":88,"column":8}},{"start":{"line":88,"column":8},"end":{"line":88,"column":8}}]},"10":{"line":102,"type":"if","locations":[{"start":{"line":102,"column":43},"end":{"line":102,"column":43}},{"start":{"line":102,"column":43},"end":{"line":102,"column":43}}]},"11":{"line":103,"type":"if","locations":[{"start":{"line":103,"column":8},"end":{"line":103,"column":8}},{"start":{"line":103,"column":8},"end":{"line":103,"column":8}}]},"12":{"line":107,"type":"if","locations":[{"start":{"line":107,"column":8},"end":{"line":107,"column":8}},{"start":{"line":107,"column":8},"end":{"line":107,"column":8}}]},"13":{"line":108,"type":"if","locations":[{"start":{"line":108,"column":8},"end":{"line":108,"column":8}},{"start":{"line":108,"column":8},"end":{"line":108,"column":8}}]},"14":{"line":119,"type":"if","locations":[{"start":{"line":119,"column":50},"end":{"line":119,"column":50}},{"start":{"line":119,"column":50},"end":{"line":119,"column":50}}]},"15":{"line":120,"type":"if","locations":[{"start":{"line":120,"column":8},"end":{"line":120,"column":8}},{"start":{"line":120,"column":8},"end":{"line":120,"column":8}}]},"16":{"line":136,"type":"if","locations":[{"start":{"line":136,"column":48},"end":{"line":136,"column":48}},{"start":{"line":136,"column":48},"end":{"line":136,"column":48}}]},"17":{"line":137,"type":"if","locations":[{"start":{"line":137,"column":8},"end":{"line":137,"column":8}},{"start":{"line":137,"column":8},"end":{"line":137,"column":8}}]},"18":{"line":148,"type":"if","locations":[{"start":{"line":148,"column":43},"end":{"line":148,"column":43}},{"start":{"line":148,"column":43},"end":{"line":148,"column":43}}]},"19":{"line":149,"type":"if","locations":[{"start":{"line":149,"column":8},"end":{"line":149,"column":8}},{"start":{"line":149,"column":8},"end":{"line":149,"column":8}}]},"20":{"line":160,"type":"if","locations":[{"start":{"line":160,"column":41},"end":{"line":160,"column":41}},{"start":{"line":160,"column":41},"end":{"line":160,"column":41}}]},"21":{"line":161,"type":"if","locations":[{"start":{"line":161,"column":8},"end":{"line":161,"column":8}},{"start":{"line":161,"column":8},"end":{"line":161,"column":8}}]},"22":{"line":172,"type":"if","locations":[{"start":{"line":172,"column":35},"end":{"line":172,"column":35}},{"start":{"line":172,"column":35},"end":{"line":172,"column":35}}]},"23":{"line":173,"type":"if","locations":[{"start":{"line":173,"column":8},"end":{"line":173,"column":8}},{"start":{"line":173,"column":8},"end":{"line":173,"column":8}}]},"24":{"line":179,"type":"if","locations":[{"start":{"line":179,"column":12},"end":{"line":179,"column":12}},{"start":{"line":179,"column":12},"end":{"line":179,"column":12}}]}}}}
