TN:
SF:/home/cyrildev/workspaceTruffle/hardhat-voting-with-test/contracts/Lock.sol
FN:13,constructor
FN:23,withdraw
FNF:2
FNH:0
FNDA:0,constructor
FNDA:0,withdraw
DA:14,0
DA:19,0
DA:20,0
DA:27,0
DA:28,0
DA:30,0
DA:32,0
LF:7
LH:0
BRDA:14,1,0,0
BRDA:14,1,1,0
BRDA:27,2,0,0
BRDA:27,2,1,0
BRDA:28,3,0,0
BRDA:28,3,1,0
BRF:6
BRH:0
end_of_record
TN:
SF:/home/cyrildev/workspaceTruffle/hardhat-voting-with-test/contracts/Voting.sol
FN:41,onlyVoters
FN:53,getVoter
FN:62,getOneProposal
FN:70,addVoter
FN:83,addProposal
FN:102,setVote
FN:119,startProposalsRegistering
FN:136,endProposalsRegistering
FN:148,startVotingSession
FN:160,endVotingSession
FN:172,tallyVotes
FNF:11
FNH:11
FNDA:23,onlyVoters
FNDA:2,getVoter
FNDA:3,getOneProposal
FNDA:6,addVoter
FNDA:5,addProposal
FNDA:7,setVote
FNDA:3,startProposalsRegistering
FNDA:3,endProposalsRegistering
FNDA:3,startVotingSession
FNDA:3,endVotingSession
FNDA:3,tallyVotes
DA:42,23
DA:43,17
DA:56,2
DA:65,3
DA:71,6
DA:75,4
DA:77,2
DA:78,2
DA:84,5
DA:88,3
DA:94,1
DA:95,1
DA:96,1
DA:97,1
DA:103,7
DA:107,5
DA:108,3
DA:110,1
DA:111,1
DA:112,1
DA:114,1
DA:120,3
DA:124,1
DA:126,1
DA:127,1
DA:128,1
DA:130,1
DA:137,3
DA:141,1
DA:142,1
DA:149,3
DA:153,1
DA:154,1
DA:161,3
DA:165,1
DA:166,1
DA:173,3
DA:177,1
DA:178,1
DA:179,2
DA:183,1
DA:186,1
DA:188,1
DA:189,1
LF:44
LH:44
BRDA:42,1,0,17
BRDA:42,1,1,6
BRDA:53,2,0,2
BRDA:53,2,1,1
BRDA:62,3,0,3
BRDA:62,3,1,1
BRDA:70,4,0,6
BRDA:70,4,1,2
BRDA:71,5,0,4
BRDA:71,5,1,2
BRDA:75,6,0,2
BRDA:75,6,1,2
BRDA:83,7,0,5
BRDA:83,7,1,2
BRDA:84,8,0,3
BRDA:84,8,1,2
BRDA:88,9,0,1
BRDA:88,9,1,2
BRDA:102,10,0,7
BRDA:102,10,1,2
BRDA:103,11,0,5
BRDA:103,11,1,2
BRDA:107,12,0,3
BRDA:107,12,1,2
BRDA:108,13,0,1
BRDA:108,13,1,2
BRDA:119,14,0,3
BRDA:119,14,1,2
BRDA:120,15,0,1
BRDA:120,15,1,2
BRDA:136,16,0,3
BRDA:136,16,1,2
BRDA:137,17,0,1
BRDA:137,17,1,2
BRDA:148,18,0,3
BRDA:148,18,1,2
BRDA:149,19,0,1
BRDA:149,19,1,2
BRDA:160,20,0,3
BRDA:160,20,1,2
BRDA:161,21,0,1
BRDA:161,21,1,2
BRDA:172,22,0,3
BRDA:172,22,1,2
BRDA:173,23,0,1
BRDA:173,23,1,2
BRDA:179,24,0,1
BRDA:179,24,1,1
BRF:48
BRH:48
end_of_record
